# JRE version: OpenJDK Runtime Environment (11.0.8+10) (build 11.0.8+10-b944.6842174)
# Java VM: OpenJDK 64-Bit Server VM (11.0.8+10-b944.6842174, mixed mode, tiered, compressed oops, g1 gc, windows-amd64)
Heap:
 garbage-first heap   total 416768K, used 306126K [0x0000000080000000, 0x0000000100000000)
  region size 1024K, 58 young (59392K), 4 survivors (4096K)
 Metaspace       used 135889K, capacity 139710K, committed 139880K, reserved 1171456K
  class space    used 16800K, capacity 18093K, committed 18176K, reserved 1048576K
GC Heap History (20 events):
Event: 647.273 GC heap before
{Heap before GC invocations=71 (full 0):
 garbage-first heap   total 273408K, used 220817K [0x0000000080000000, 0x0000000100000000)
  region size 1024K, 13 young (13312K), 2 survivors (2048K)
 Metaspace       used 131918K, capacity 135428K, committed 135656K, reserved 1167360K
  class space    used 16272K, capacity 17474K, committed 17536K, reserved 1048576K
}
Event: 647.309 GC heap after
{Heap after GC invocations=72 (full 0):
 garbage-first heap   total 273408K, used 197546K [0x0000000080000000, 0x0000000100000000)
  region size 1024K, 2 young (2048K), 2 survivors (2048K)
 Metaspace       used 131918K, capacity 135428K, committed 135656K, reserved 1167360K
  class space    used 16272K, capacity 17474K, committed 17536K, reserved 1048576K
}
Event: 647.489 GC heap before
{Heap before GC invocations=72 (full 0):
 garbage-first heap   total 273408K, used 210858K [0x0000000080000000, 0x0000000100000000)
  region size 1024K, 13 young (13312K), 2 survivors (2048K)
 Metaspace       used 131921K, capacity 135492K, committed 135656K, reserved 1167360K
  class space    used 16272K, capacity 17474K, committed 17536K, reserved 1048576K
}
Event: 647.504 GC heap after
{Heap after GC invocations=73 (full 0):
 garbage-first heap   total 273408K, used 201196K [0x0000000080000000, 0x0000000100000000)
  region size 1024K, 2 young (2048K), 2 survivors (2048K)
 Metaspace       used 131921K, capacity 135492K, committed 135656K, reserved 1167360K
  class space    used 16272K, capacity 17474K, committed 17536K, reserved 1048576K
}
Event: 647.546 GC heap before
{Heap before GC invocations=73 (full 0):
 garbage-first heap   total 273408K, used 203244K [0x0000000080000000, 0x0000000100000000)
  region size 1024K, 5 young (5120K), 2 survivors (2048K)
 Metaspace       used 131922K, capacity 135492K, committed 135656K, reserved 1167360K
  class space    used 16272K, capacity 17474K, committed 17536K, reserved 1048576K
}
Event: 647.555 GC heap after
{Heap after GC invocations=74 (full 0):
 garbage-first heap   total 273408K, used 201321K [0x0000000080000000, 0x0000000100000000)
  region size 1024K, 2 young (2048K), 2 survivors (2048K)
 Metaspace       used 131922K, capacity 135492K, committed 135656K, reserved 1167360K
  class space    used 16272K, capacity 17474K, committed 17536K, reserved 1048576K
}
Event: 648.325 GC heap before
{Heap before GC invocations=75 (full 0):
 garbage-first heap   total 273408K, used 228969K [0x0000000080000000, 0x0000000100000000)
  region size 1024K, 24 young (24576K), 2 survivors (2048K)
 Metaspace       used 132271K, capacity 135862K, committed 135912K, reserved 1167360K
  class space    used 16296K, capacity 17507K, committed 17536K, reserved 1048576K
}
Event: 648.339 GC heap after
{Heap after GC invocations=76 (full 0):
 garbage-first heap   total 416768K, used 211168K [0x0000000080000000, 0x0000000100000000)
  region size 1024K, 3 young (3072K), 3 survivors (3072K)
 Metaspace       used 132271K, capacity 135862K, committed 135912K, reserved 1167360K
  class space    used 16296K, capacity 17507K, committed 17536K, reserved 1048576K
}
Event: 648.420 GC heap before
{Heap before GC invocations=76 (full 0):
 garbage-first heap   total 416768K, used 228576K [0x0000000080000000, 0x0000000100000000)
  region size 1024K, 20 young (20480K), 3 survivors (3072K)
 Metaspace       used 132274K, capacity 135862K, committed 135912K, reserved 1167360K
  class space    used 16296K, capacity 17507K, committed 17536K, reserved 1048576K
}
Event: 648.424 GC heap after
{Heap after GC invocations=77 (full 0):
 garbage-first heap   total 416768K, used 213270K [0x0000000080000000, 0x0000000100000000)
  region size 1024K, 2 young (2048K), 2 survivors (2048K)
 Metaspace       used 132274K, capacity 135862K, committed 135912K, reserved 1167360K
  class space    used 16296K, capacity 17507K, committed 17536K, reserved 1048576K
}
Event: 648.609 GC heap before
{Heap before GC invocations=77 (full 0):
 garbage-first heap   total 416768K, used 291094K [0x0000000080000000, 0x0000000100000000)
  region size 1024K, 72 young (73728K), 2 survivors (2048K)
 Metaspace       used 132732K, capacity 136312K, committed 136552K, reserved 1169408K
  class space    used 16352K, capacity 17548K, committed 17664K, reserved 1048576K
}
Event: 648.619 GC heap after
{Heap after GC invocations=78 (full 0):
 garbage-first heap   total 416768K, used 231332K [0x0000000080000000, 0x0000000100000000)
  region size 1024K, 9 young (9216K), 9 survivors (9216K)
 Metaspace       used 132732K, capacity 136312K, committed 136552K, reserved 1169408K
  class space    used 16352K, capacity 17548K, committed 17664K, reserved 1048576K
}
Event: 648.891 GC heap before
{Heap before GC invocations=78 (full 0):
 garbage-first heap   total 416768K, used 310180K [0x0000000080000000, 0x0000000100000000)
  region size 1024K, 77 young (78848K), 9 survivors (9216K)
 Metaspace       used 133322K, capacity 136930K, committed 137064K, reserved 1169408K
  class space    used 16410K, capacity 17626K, committed 17664K, reserved 1048576K
}
Event: 648.899 GC heap after
{Heap after GC invocations=79 (full 0):
 garbage-first heap   total 416768K, used 243383K [0x0000000080000000, 0x0000000100000000)
  region size 1024K, 2 young (2048K), 2 survivors (2048K)
 Metaspace       used 133322K, capacity 136930K, committed 137064K, reserved 1169408K
  class space    used 16410K, capacity 17626K, committed 17664K, reserved 1048576K
}
Event: 649.109 GC heap before
{Heap before GC invocations=79 (full 0):
 garbage-first heap   total 416768K, used 313015K [0x0000000080000000, 0x0000000100000000)
  region size 1024K, 71 young (72704K), 2 survivors (2048K)
 Metaspace       used 133418K, capacity 137051K, committed 137320K, reserved 1169408K
  class space    used 16419K, capacity 17640K, committed 17664K, reserved 1048576K
}
Event: 649.116 GC heap after
{Heap after GC invocations=80 (full 0):
 garbage-first heap   total 416768K, used 254250K [0x0000000080000000, 0x0000000100000000)
  region size 1024K, 9 young (9216K), 9 survivors (9216K)
 Metaspace       used 133418K, capacity 137051K, committed 137320K, reserved 1169408K
  class space    used 16419K, capacity 17640K, committed 17664K, reserved 1048576K
}
Event: 649.258 GC heap before
{Heap before GC invocations=80 (full 0):
 garbage-first heap   total 416768K, used 322858K [0x0000000080000000, 0x0000000100000000)
  region size 1024K, 76 young (77824K), 9 survivors (9216K)
 Metaspace       used 133509K, capacity 137136K, committed 137320K, reserved 1169408K
  class space    used 16431K, capacity 17661K, committed 17664K, reserved 1048576K
}
Event: 649.263 GC heap after
{Heap after GC invocations=81 (full 0):
 garbage-first heap   total 416768K, used 254392K [0x0000000080000000, 0x0000000100000000)
  region size 1024K, 7 young (7168K), 7 survivors (7168K)
 Metaspace       used 133509K, capacity 137136K, committed 137320K, reserved 1169408K
  class space    used 16431K, capacity 17661K, committed 17664K, reserved 1048576K
}
Event: 659.002 GC heap before
{Heap before GC invocations=81 (full 0):
 garbage-first heap   total 416768K, used 329144K [0x0000000080000000, 0x0000000100000000)
  region size 1024K, 78 young (79872K), 7 survivors (7168K)
 Metaspace       used 135877K, capacity 139708K, committed 139880K, reserved 1171456K
  class space    used 16797K, capacity 18092K, committed 18176K, reserved 1048576K
}
Event: 659.006 GC heap after
{Heap after GC invocations=82 (full 0):
 garbage-first heap   total 416768K, used 251854K [0x0000000080000000, 0x0000000100000000)
  region size 1024K, 4 young (4096K), 4 survivors (4096K)
 Metaspace       used 135877K, capacity 139708K, committed 139880K, reserved 1171456K
  class space    used 16797K, capacity 18092K, committed 18176K, reserved 1048576K
}

